# JRE version: OpenJDK Runtime Environment (11.0.8+10) (build 11.0.8+10-b944.6842174)
# Java VM: OpenJDK 64-Bit Server VM (11.0.8+10-b944.6842174, mixed mode, tiered, compressed oops, g1 gc, windows-amd64)
Heap:
 garbage-first heap   total 131072K, used 33648K [0x0000000081c00000, 0x0000000100000000)
  region size 1024K, 10 young (10240K), 8 survivors (8192K)
 Metaspace       used 46901K, capacity 47476K, committed 47744K, reserved 1091584K
  class space    used 5498K, capacity 5687K, committed 5760K, reserved 1048576K
GC Heap History (9 events):
Event: 1.079 GC heap before
{Heap before GC invocations=0 (full 0):
 garbage-first heap   total 131072K, used 27648K [0x0000000081c00000, 0x0000000100000000)
  region size 1024K, 24 young (24576K), 0 survivors (0K)
 Metaspace       used 12317K, capacity 12405K, committed 12544K, reserved 1060864K
  class space    used 1156K, capacity 1174K, committed 1280K, reserved 1048576K
}
Event: 1.083 GC heap after
{Heap after GC invocations=1 (full 0):
 garbage-first heap   total 131072K, used 5694K [0x0000000081c00000, 0x0000000100000000)
  region size 1024K, 3 young (3072K), 3 survivors (3072K)
 Metaspace       used 12317K, capacity 12405K, committed 12544K, reserved 1060864K
  class space    used 1156K, capacity 1174K, committed 1280K, reserved 1048576K
}
Event: 1.906 GC heap before
{Heap before GC invocations=1 (full 0):
 garbage-first heap   total 131072K, used 42558K [0x0000000081c00000, 0x0000000100000000)
  region size 1024K, 40 young (40960K), 3 survivors (3072K)
 Metaspace       used 20915K, capacity 21150K, committed 21248K, reserved 1069056K
  class space    used 2200K, capacity 2257K, committed 2304K, reserved 1048576K
}
Event: 1.926 GC heap after
{Heap after GC invocations=2 (full 0):
 garbage-first heap   total 131072K, used 9771K [0x0000000081c00000, 0x0000000100000000)
  region size 1024K, 7 young (7168K), 7 survivors (7168K)
 Metaspace       used 20915K, capacity 21150K, committed 21248K, reserved 1069056K
  class space    used 2200K, capacity 2257K, committed 2304K, reserved 1048576K
}
Event: 3.055 GC heap before
{Heap before GC invocations=3 (full 0):
 garbage-first heap   total 131072K, used 67115K [0x0000000081c00000, 0x0000000100000000)
  region size 1024K, 55 young (56320K), 7 survivors (7168K)
 Metaspace       used 30870K, capacity 31386K, committed 31488K, reserved 1077248K
  class space    used 3630K, capacity 3809K, committed 3840K, reserved 1048576K
}
Event: 3.074 GC heap after
{Heap after GC invocations=4 (full 0):
 garbage-first heap   total 131072K, used 24662K [0x0000000081c00000, 0x0000000100000000)
  region size 1024K, 7 young (7168K), 7 survivors (7168K)
 Metaspace       used 30870K, capacity 31386K, committed 31488K, reserved 1077248K
  class space    used 3630K, capacity 3809K, committed 3840K, reserved 1048576K
}
Event: 3.530 GC heap before
{Heap before GC invocations=4 (full 0):
 garbage-first heap   total 131072K, used 53334K [0x0000000081c00000, 0x0000000100000000)
  region size 1024K, 32 young (32768K), 7 survivors (7168K)
 Metaspace       used 35159K, capacity 35690K, committed 35840K, reserved 1081344K
  class space    used 4294K, capacity 4452K, committed 4480K, reserved 1048576K
}
Event: 3.546 GC heap after
{Heap after GC invocations=5 (full 0):
 garbage-first heap   total 131072K, used 27141K [0x0000000081c00000, 0x0000000100000000)
  region size 1024K, 3 young (3072K), 3 survivors (3072K)
 Metaspace       used 35159K, capacity 35690K, committed 35840K, reserved 1081344K
  class space    used 4294K, capacity 4452K, committed 4480K, reserved 1048576K
}
Event: 6.468 GC heap before
{Heap before GC invocations=6 (full 0):
 garbage-first heap   total 131072K, used 88581K [0x0000000081c00000, 0x0000000100000000)
  region size 1024K, 61 young (62464K), 3 survivors (3072K)
 Metaspace       used 46739K, capacity 47269K, committed 47488K, reserved 1091584K
  class space    used 5483K, capacity 5682K, committed 5760K, reserved 1048576K
}

