# JRE version: OpenJDK Runtime Environment (11.0.8+10) (build 11.0.8+10-b944.6842174)
# Java VM: OpenJDK 64-Bit Server VM (11.0.8+10-b944.6842174, mixed mode, tiered, compressed oops, g1 gc, windows-amd64)
Heap:
 garbage-first heap   total 189440K, used 76447K [0x0000000080000000, 0x0000000100000000)
  region size 1024K, 5 young (5120K), 5 survivors (5120K)
 Metaspace       used 80336K, capacity 82304K, committed 82560K, reserved 1120256K
  class space    used 10404K, capacity 11071K, committed 11136K, reserved 1048576K
GC Heap History (20 events):
Event: 8.267 GC heap after
{Heap after GC invocations=8 (full 0):
 garbage-first heap   total 131072K, used 24887K [0x0000000080000000, 0x0000000100000000)
  region size 1024K, 7 young (7168K), 7 survivors (7168K)
 Metaspace       used 40805K, capacity 41726K, committed 41984K, reserved 1085440K
  class space    used 5212K, capacity 5533K, committed 5632K, reserved 1048576K
}
Event: 9.721 GC heap before
{Heap before GC invocations=8 (full 0):
 garbage-first heap   total 131072K, used 87351K [0x0000000080000000, 0x0000000100000000)
  region size 1024K, 68 young (69632K), 7 survivors (7168K)
 Metaspace       used 44481K, capacity 45530K, committed 45824K, reserved 1089536K
  class space    used 5703K, capacity 6080K, committed 6144K, reserved 1048576K
}
Event: 9.745 GC heap after
{Heap after GC invocations=9 (full 0):
 garbage-first heap   total 131072K, used 29231K [0x0000000080000000, 0x0000000100000000)
  region size 1024K, 8 young (8192K), 8 survivors (8192K)
 Metaspace       used 44481K, capacity 45530K, committed 45824K, reserved 1089536K
  class space    used 5703K, capacity 6080K, committed 6144K, reserved 1048576K
}
Event: 11.153 GC heap before
{Heap before GC invocations=9 (full 0):
 garbage-first heap   total 131072K, used 97839K [0x0000000080000000, 0x0000000100000000)
  region size 1024K, 69 young (70656K), 8 survivors (8192K)
 Metaspace       used 50020K, capacity 51250K, committed 51328K, reserved 1093632K
  class space    used 6364K, capacity 6754K, committed 6784K, reserved 1048576K
}
Event: 11.165 GC heap after
{Heap after GC invocations=10 (full 0):
 garbage-first heap   total 157696K, used 44757K [0x0000000080000000, 0x0000000100000000)
  region size 1024K, 9 young (9216K), 9 survivors (9216K)
 Metaspace       used 50020K, capacity 51250K, committed 51328K, reserved 1093632K
  class space    used 6364K, capacity 6754K, committed 6784K, reserved 1048576K
}
Event: 12.251 GC heap before
{Heap before GC invocations=10 (full 0):
 garbage-first heap   total 157696K, used 109269K [0x0000000080000000, 0x0000000100000000)
  region size 1024K, 73 young (74752K), 9 survivors (9216K)
 Metaspace       used 58091K, capacity 59510K, committed 59776K, reserved 1101824K
  class space    used 7412K, capacity 7938K, committed 8064K, reserved 1048576K
}
Event: 12.261 GC heap after
{Heap after GC invocations=11 (full 0):
 garbage-first heap   total 157696K, used 50628K [0x0000000080000000, 0x0000000100000000)
  region size 1024K, 5 young (5120K), 5 survivors (5120K)
 Metaspace       used 58091K, capacity 59510K, committed 59776K, reserved 1101824K
  class space    used 7412K, capacity 7938K, committed 8064K, reserved 1048576K
}
Event: 12.328 GC heap before
{Heap before GC invocations=11 (full 0):
 garbage-first heap   total 157696K, used 54724K [0x0000000080000000, 0x0000000100000000)
  region size 1024K, 10 young (10240K), 5 survivors (5120K)
 Metaspace       used 58616K, capacity 60067K, committed 60160K, reserved 1101824K
  class space    used 7454K, capacity 7974K, committed 8064K, reserved 1048576K
}
Event: 12.334 GC heap after
{Heap after GC invocations=12 (full 0):
 garbage-first heap   total 157696K, used 51289K [0x0000000080000000, 0x0000000100000000)
  region size 1024K, 6 young (6144K), 6 survivors (6144K)
 Metaspace       used 58616K, capacity 60067K, committed 60160K, reserved 1101824K
  class space    used 7454K, capacity 7974K, committed 8064K, reserved 1048576K
}
Event: 13.180 GC heap before
{Heap before GC invocations=13 (full 0):
 garbage-first heap   total 157696K, used 113753K [0x0000000080000000, 0x0000000100000000)
  region size 1024K, 67 young (68608K), 6 survivors (6144K)
 Metaspace       used 62203K, capacity 63672K, committed 63744K, reserved 1103872K
  class space    used 7899K, capacity 8442K, committed 8448K, reserved 1048576K
}
Event: 13.190 GC heap after
{Heap after GC invocations=14 (full 0):
 garbage-first heap   total 157696K, used 55408K [0x0000000080000000, 0x0000000100000000)
  region size 1024K, 6 young (6144K), 6 survivors (6144K)
 Metaspace       used 62203K, capacity 63672K, committed 63744K, reserved 1103872K
  class space    used 7899K, capacity 8442K, committed 8448K, reserved 1048576K
}
Event: 13.981 GC heap before
{Heap before GC invocations=14 (full 0):
 garbage-first heap   total 157696K, used 116848K [0x0000000080000000, 0x0000000100000000)
  region size 1024K, 66 young (67584K), 6 survivors (6144K)
 Metaspace       used 67802K, capacity 69286K, committed 69504K, reserved 1110016K
  class space    used 8775K, capacity 9306K, committed 9344K, reserved 1048576K
}
Event: 13.991 GC heap after
{Heap after GC invocations=15 (full 0):
 garbage-first heap   total 157696K, used 60056K [0x0000000080000000, 0x0000000100000000)
  region size 1024K, 9 young (9216K), 9 survivors (9216K)
 Metaspace       used 67802K, capacity 69286K, committed 69504K, reserved 1110016K
  class space    used 8775K, capacity 9306K, committed 9344K, reserved 1048576K
}
Event: 14.774 GC heap before
{Heap before GC invocations=15 (full 0):
 garbage-first heap   total 157696K, used 120472K [0x0000000080000000, 0x0000000100000000)
  region size 1024K, 68 young (69632K), 9 survivors (9216K)
 Metaspace       used 73395K, capacity 74987K, committed 75264K, reserved 1114112K
  class space    used 9548K, capacity 10149K, committed 10240K, reserved 1048576K
}
Event: 14.787 GC heap after
{Heap after GC invocations=16 (full 0):
 garbage-first heap   total 157696K, used 64597K [0x0000000080000000, 0x0000000100000000)
  region size 1024K, 9 young (9216K), 9 survivors (9216K)
 Metaspace       used 73395K, capacity 74987K, committed 75264K, reserved 1114112K
  class space    used 9548K, capacity 10149K, committed 10240K, reserved 1048576K
}
Event: 15.669 GC heap before
{Heap before GC invocations=16 (full 0):
 garbage-first heap   total 157696K, used 122965K [0x0000000080000000, 0x0000000100000000)
  region size 1024K, 66 young (67584K), 9 survivors (9216K)
 Metaspace       used 77074K, capacity 78813K, committed 79104K, reserved 1118208K
  class space    used 10055K, capacity 10700K, committed 10752K, reserved 1048576K
}
Event: 15.682 GC heap after
{Heap after GC invocations=17 (full 0):
 garbage-first heap   total 157696K, used 68539K [0x0000000080000000, 0x0000000100000000)
  region size 1024K, 9 young (9216K), 9 survivors (9216K)
 Metaspace       used 77074K, capacity 78813K, committed 79104K, reserved 1118208K
  class space    used 10055K, capacity 10700K, committed 10752K, reserved 1048576K
}
Event: 16.751 GC heap before
{Heap before GC invocations=17 (full 0):
 garbage-first heap   total 157696K, used 123835K [0x0000000080000000, 0x0000000100000000)
  region size 1024K, 64 young (65536K), 9 survivors (9216K)
 Metaspace       used 77998K, capacity 79815K, committed 80000K, reserved 1118208K
  class space    used 10184K, capacity 10856K, committed 10880K, reserved 1048576K
}
Event: 16.769 GC heap after
{Heap after GC invocations=18 (full 0):
 garbage-first heap   total 157696K, used 73113K [0x0000000080000000, 0x0000000100000000)
  region size 1024K, 8 young (8192K), 8 survivors (8192K)
 Metaspace       used 77998K, capacity 79815K, committed 80000K, reserved 1118208K
  class space    used 10184K, capacity 10856K, committed 10880K, reserved 1048576K
}
Event: 17.339 GC heap before
{Heap before GC invocations=18 (full 0):
 garbage-first heap   total 157696K, used 125337K [0x0000000080000000, 0x0000000100000000)
  region size 1024K, 60 young (61440K), 8 survivors (8192K)
 Metaspace       used 80336K, capacity 82304K, committed 82560K, reserved 1120256K
  class space    used 10404K, capacity 11071K, committed 11136K, reserved 1048576K
}

