# JRE version: OpenJDK Runtime Environment (11.0.8+10) (build 11.0.8+10-b944.6842174)
# Java VM: OpenJDK 64-Bit Server VM (11.0.8+10-b944.6842174, mixed mode, tiered, compressed oops, g1 gc, windows-amd64)
Heap:
 garbage-first heap   total 173056K, used 32213K [0x0000000081c00000, 0x0000000100000000)
  region size 1024K, 8 young (8192K), 8 survivors (8192K)
 Metaspace       used 46460K, capacity 47052K, committed 47232K, reserved 1091584K
  class space    used 5459K, capacity 5651K, committed 5760K, reserved 1048576K
GC Heap History (9 events):
Event: 0.399 GC heap before
{Heap before GC invocations=0 (full 0):
 garbage-first heap   total 131072K, used 27648K [0x0000000081c00000, 0x0000000100000000)
  region size 1024K, 24 young (24576K), 0 survivors (0K)
 Metaspace       used 12291K, capacity 12341K, committed 12544K, reserved 1060864K
  class space    used 1156K, capacity 1174K, committed 1280K, reserved 1048576K
}
Event: 0.402 GC heap after
{Heap after GC invocations=1 (full 0):
 garbage-first heap   total 131072K, used 5820K [0x0000000081c00000, 0x0000000100000000)
  region size 1024K, 3 young (3072K), 3 survivors (3072K)
 Metaspace       used 12291K, capacity 12341K, committed 12544K, reserved 1060864K
  class space    used 1156K, capacity 1174K, committed 1280K, reserved 1048576K
}
Event: 0.826 GC heap before
{Heap before GC invocations=1 (full 0):
 garbage-first heap   total 131072K, used 41660K [0x0000000081c00000, 0x0000000100000000)
  region size 1024K, 39 young (39936K), 3 survivors (3072K)
 Metaspace       used 20924K, capacity 21150K, committed 21248K, reserved 1069056K
  class space    used 2203K, capacity 2257K, committed 2304K, reserved 1048576K
}
Event: 0.835 GC heap after
{Heap after GC invocations=2 (full 0):
 garbage-first heap   total 131072K, used 9621K [0x0000000081c00000, 0x0000000100000000)
  region size 1024K, 7 young (7168K), 7 survivors (7168K)
 Metaspace       used 20924K, capacity 21150K, committed 21248K, reserved 1069056K
  class space    used 2203K, capacity 2257K, committed 2304K, reserved 1048576K
}
Event: 1.454 GC heap before
{Heap before GC invocations=3 (full 0):
 garbage-first heap   total 131072K, used 67989K [0x0000000081c00000, 0x0000000100000000)
  region size 1024K, 56 young (57344K), 7 survivors (7168K)
 Metaspace       used 30860K, capacity 31322K, committed 31488K, reserved 1077248K
  class space    used 3630K, capacity 3809K, committed 3840K, reserved 1048576K
}
Event: 1.470 GC heap after
{Heap after GC invocations=4 (full 0):
 garbage-first heap   total 131072K, used 24862K [0x0000000081c00000, 0x0000000100000000)
  region size 1024K, 7 young (7168K), 7 survivors (7168K)
 Metaspace       used 30860K, capacity 31322K, committed 31488K, reserved 1077248K
  class space    used 3630K, capacity 3809K, committed 3840K, reserved 1048576K
}
Event: 1.774 GC heap before
{Heap before GC invocations=4 (full 0):
 garbage-first heap   total 131072K, used 51486K [0x0000000081c00000, 0x0000000100000000)
  region size 1024K, 31 young (31744K), 7 survivors (7168K)
 Metaspace       used 35187K, capacity 35653K, committed 35840K, reserved 1081344K
  class space    used 4306K, capacity 4484K, committed 4608K, reserved 1048576K
}
Event: 1.789 GC heap after
{Heap after GC invocations=5 (full 0):
 garbage-first heap   total 131072K, used 27433K [0x0000000081c00000, 0x0000000100000000)
  region size 1024K, 3 young (3072K), 3 survivors (3072K)
 Metaspace       used 35187K, capacity 35653K, committed 35840K, reserved 1081344K
  class space    used 4306K, capacity 4484K, committed 4608K, reserved 1048576K
}
Event: 2.526 GC heap before
{Heap before GC invocations=6 (full 0):
 garbage-first heap   total 131072K, used 85801K [0x0000000081c00000, 0x0000000100000000)
  region size 1024K, 58 young (59392K), 3 survivors (3072K)
 Metaspace       used 46460K, capacity 47052K, committed 47232K, reserved 1091584K
  class space    used 5459K, capacity 5651K, committed 5760K, reserved 1048576K
}

