# JRE version: OpenJDK Runtime Environment (11.0.8+10) (build 11.0.8+10-b944.6842174)
# Java VM: OpenJDK 64-Bit Server VM (11.0.8+10-b944.6842174, mixed mode, tiered, compressed oops, g1 gc, windows-amd64)
Heap:
 garbage-first heap   total 617472K, used 260095K [0x0000000080000000, 0x0000000100000000)
  region size 1024K, 9 young (9216K), 9 survivors (9216K)
 Metaspace       used 147976K, capacity 151456K, committed 152704K, reserved 1181696K
  class space    used 17949K, capacity 19210K, committed 19584K, reserved 1048576K
GC Heap History (20 events):
Event: 3318.890 GC heap after
{Heap after GC invocations=155 (full 0):
 garbage-first heap   total 328704K, used 145510K [0x0000000080000000, 0x0000000100000000)
  region size 1024K, 3 young (3072K), 3 survivors (3072K)
 Metaspace       used 147386K, capacity 150856K, committed 152192K, reserved 1181696K
  class space    used 17941K, capacity 19203K, committed 19584K, reserved 1048576K
}
Event: 3319.360 GC heap before
{Heap before GC invocations=156 (full 0):
 garbage-first heap   total 328704K, used 273510K [0x0000000080000000, 0x0000000100000000)
  region size 1024K, 129 young (132096K), 3 survivors (3072K)
 Metaspace       used 147473K, capacity 150924K, committed 152192K, reserved 1181696K
  class space    used 17941K, capacity 19204K, committed 19584K, reserved 1048576K
}
Event: 3319.372 GC heap after
{Heap after GC invocations=157 (full 0):
 garbage-first heap   total 328704K, used 151853K [0x0000000080000000, 0x0000000100000000)
  region size 1024K, 9 young (9216K), 9 survivors (9216K)
 Metaspace       used 147473K, capacity 150924K, committed 152192K, reserved 1181696K
  class space    used 17941K, capacity 19204K, committed 19584K, reserved 1048576K
}
Event: 3319.760 GC heap before
{Heap before GC invocations=157 (full 0):
 garbage-first heap   total 328704K, used 276781K [0x0000000080000000, 0x0000000100000000)
  region size 1024K, 132 young (135168K), 9 survivors (9216K)
 Metaspace       used 147494K, capacity 150926K, committed 152192K, reserved 1181696K
  class space    used 17942K, capacity 19204K, committed 19584K, reserved 1048576K
}
Event: 3319.772 GC heap after
{Heap after GC invocations=158 (full 0):
 garbage-first heap   total 328704K, used 152275K [0x0000000080000000, 0x0000000100000000)
  region size 1024K, 9 young (9216K), 9 survivors (9216K)
 Metaspace       used 147494K, capacity 150926K, committed 152192K, reserved 1181696K
  class space    used 17942K, capacity 19204K, committed 19584K, reserved 1048576K
}
Event: 3320.149 GC heap before
{Heap before GC invocations=159 (full 0):
 garbage-first heap   total 328704K, used 280275K [0x0000000080000000, 0x0000000100000000)
  region size 1024K, 134 young (137216K), 9 survivors (9216K)
 Metaspace       used 147501K, capacity 150926K, committed 152192K, reserved 1181696K
  class space    used 17942K, capacity 19204K, committed 19584K, reserved 1048576K
}
Event: 3320.162 GC heap after
{Heap after GC invocations=160 (full 0):
 garbage-first heap   total 405504K, used 151452K [0x0000000080000000, 0x0000000100000000)
  region size 1024K, 8 young (8192K), 8 survivors (8192K)
 Metaspace       used 147501K, capacity 150926K, committed 152192K, reserved 1181696K
  class space    used 17942K, capacity 19204K, committed 19584K, reserved 1048576K
}
Event: 3320.759 GC heap before
{Heap before GC invocations=160 (full 0):
 garbage-first heap   total 405504K, used 344988K [0x0000000080000000, 0x0000000100000000)
  region size 1024K, 197 young (201728K), 8 survivors (8192K)
 Metaspace       used 147508K, capacity 150926K, committed 152192K, reserved 1181696K
  class space    used 17942K, capacity 19204K, committed 19584K, reserved 1048576K
}
Event: 3320.769 GC heap after
{Heap after GC invocations=161 (full 0):
 garbage-first heap   total 405504K, used 152202K [0x0000000080000000, 0x0000000100000000)
  region size 1024K, 9 young (9216K), 9 survivors (9216K)
 Metaspace       used 147508K, capacity 150926K, committed 152192K, reserved 1181696K
  class space    used 17942K, capacity 19204K, committed 19584K, reserved 1048576K
}
Event: 3321.500 GC heap before
{Heap before GC invocations=162 (full 0):
 garbage-first heap   total 405504K, used 347786K [0x0000000080000000, 0x0000000100000000)
  region size 1024K, 200 young (204800K), 9 survivors (9216K)
 Metaspace       used 147524K, capacity 150990K, committed 152192K, reserved 1181696K
  class space    used 17942K, capacity 19204K, committed 19584K, reserved 1048576K
}
Event: 3321.510 GC heap after
{Heap after GC invocations=163 (full 0):
 garbage-first heap   total 405504K, used 152036K [0x0000000080000000, 0x0000000100000000)
  region size 1024K, 9 young (9216K), 9 survivors (9216K)
 Metaspace       used 147524K, capacity 150990K, committed 152192K, reserved 1181696K
  class space    used 17942K, capacity 19204K, committed 19584K, reserved 1048576K
}
Event: 3321.885 GC heap before
{Heap before GC invocations=163 (full 0):
 garbage-first heap   total 405504K, used 239076K [0x0000000080000000, 0x0000000100000000)
  region size 1024K, 95 young (97280K), 9 survivors (9216K)
 Metaspace       used 147606K, capacity 151075K, committed 152192K, reserved 1181696K
  class space    used 17942K, capacity 19204K, committed 19584K, reserved 1048576K
}
Event: 3321.899 GC heap after
{Heap after GC invocations=164 (full 0):
 garbage-first heap   total 405504K, used 155525K [0x0000000080000000, 0x0000000100000000)
  region size 1024K, 12 young (12288K), 12 survivors (12288K)
 Metaspace       used 147606K, capacity 151075K, committed 152192K, reserved 1181696K
  class space    used 17942K, capacity 19204K, committed 19584K, reserved 1048576K
}
Event: 3322.226 GC heap before
{Heap before GC invocations=165 (full 0):
 garbage-first heap   total 405504K, used 182149K [0x0000000080000000, 0x0000000100000000)
  region size 1024K, 34 young (34816K), 12 survivors (12288K)
 Metaspace       used 147701K, capacity 151123K, committed 152192K, reserved 1181696K
  class space    used 17948K, capacity 19210K, committed 19584K, reserved 1048576K
}
Event: 3322.239 GC heap after
{Heap after GC invocations=166 (full 0):
 garbage-first heap   total 405504K, used 149642K [0x0000000080000000, 0x0000000100000000)
  region size 1024K, 7 young (7168K), 7 survivors (7168K)
 Metaspace       used 147701K, capacity 151123K, committed 152192K, reserved 1181696K
  class space    used 17948K, capacity 19210K, committed 19584K, reserved 1048576K
}
Event: 3323.572 GC heap before
{Heap before GC invocations=167 (full 0):
 garbage-first heap   total 405504K, used 321674K [0x0000000080000000, 0x0000000100000000)
  region size 1024K, 144 young (147456K), 7 survivors (7168K)
 Metaspace       used 147917K, capacity 151326K, committed 152448K, reserved 1181696K
  class space    used 17949K, capacity 19210K, committed 19584K, reserved 1048576K
}
Event: 3323.659 GC heap after
{Heap after GC invocations=168 (full 0):
 garbage-first heap   total 405504K, used 242351K [0x0000000080000000, 0x0000000100000000)
  region size 1024K, 18 young (18432K), 18 survivors (18432K)
 Metaspace       used 147917K, capacity 151326K, committed 152448K, reserved 1181696K
  class space    used 17949K, capacity 19210K, committed 19584K, reserved 1048576K
}
Event: 3323.681 GC heap before
{Heap before GC invocations=168 (full 0):
 garbage-first heap   total 405504K, used 243375K [0x0000000080000000, 0x0000000100000000)
  region size 1024K, 19 young (19456K), 18 survivors (18432K)
 Metaspace       used 147917K, capacity 151326K, committed 152448K, reserved 1181696K
  class space    used 17949K, capacity 19210K, committed 19584K, reserved 1048576K
}
Event: 3323.727 GC heap after
{Heap after GC invocations=169 (full 0):
 garbage-first heap   total 405504K, used 245016K [0x0000000080000000, 0x0000000100000000)
  region size 1024K, 3 young (3072K), 3 survivors (3072K)
 Metaspace       used 147917K, capacity 151326K, committed 152448K, reserved 1181696K
  class space    used 17949K, capacity 19210K, committed 19584K, reserved 1048576K
}
Event: 3324.126 GC heap before
{Heap before GC invocations=169 (full 0):
 garbage-first heap   total 405504K, used 308504K [0x0000000080000000, 0x0000000100000000)
  region size 1024K, 67 young (68608K), 3 survivors (3072K)
 Metaspace       used 147976K, capacity 151456K, committed 152704K, reserved 1181696K
  class space    used 17949K, capacity 19210K, committed 19584K, reserved 1048576K
}

