# JRE version: OpenJDK Runtime Environment (11.0.8+10) (build 11.0.8+10-b944.6842174)
# Java VM: OpenJDK 64-Bit Server VM (11.0.8+10-b944.6842174, mixed mode, tiered, compressed oops, g1 gc, windows-amd64)
Heap:
 garbage-first heap   total 282624K, used 103293K [0x0000000080000000, 0x0000000100000000)
  region size 1024K, 7 young (7168K), 7 survivors (7168K)
 Metaspace       used 91776K, capacity 93719K, committed 93952K, reserved 1130496K
  class space    used 11523K, capacity 12207K, committed 12288K, reserved 1048576K
GC Heap History (20 events):
Event: 26.217 GC heap after
{Heap after GC invocations=36 (full 0):
 garbage-first heap   total 157696K, used 105794K [0x0000000080000000, 0x0000000100000000)
  region size 1024K, 2 young (2048K), 2 survivors (2048K)
 Metaspace       used 82780K, capacity 84671K, committed 85248K, reserved 1122304K
  class space    used 10610K, capacity 11264K, committed 11520K, reserved 1048576K
}
Event: 26.575 GC heap before
{Heap before GC invocations=36 (full 0):
 garbage-first heap   total 157696K, used 124226K [0x0000000080000000, 0x0000000100000000)
  region size 1024K, 20 young (20480K), 2 survivors (2048K)
 Metaspace       used 84910K, capacity 86780K, committed 87296K, reserved 1124352K
  class space    used 10880K, capacity 11561K, committed 11776K, reserved 1048576K
}
Event: 26.579 GC heap after
{Heap after GC invocations=37 (full 0):
 garbage-first heap   total 157696K, used 104609K [0x0000000080000000, 0x0000000100000000)
  region size 1024K, 2 young (2048K), 2 survivors (2048K)
 Metaspace       used 84910K, capacity 86780K, committed 87296K, reserved 1124352K
  class space    used 10880K, capacity 11561K, committed 11776K, reserved 1048576K
}
Event: 26.872 GC heap before
{Heap before GC invocations=38 (full 0):
 garbage-first heap   total 157696K, used 140449K [0x0000000080000000, 0x0000000100000000)
  region size 1024K, 21 young (21504K), 2 survivors (2048K)
 Metaspace       used 85787K, capacity 87724K, committed 88192K, reserved 1126400K
  class space    used 10962K, capacity 11673K, committed 11904K, reserved 1048576K
}
Event: 26.879 GC heap after
{Heap after GC invocations=39 (full 0):
 garbage-first heap   total 189440K, used 106130K [0x0000000080000000, 0x0000000100000000)
  region size 1024K, 3 young (3072K), 3 survivors (3072K)
 Metaspace       used 85787K, capacity 87724K, committed 88192K, reserved 1126400K
  class space    used 10962K, capacity 11673K, committed 11904K, reserved 1048576K
}
Event: 26.913 GC heap before
{Heap before GC invocations=39 (full 0):
 garbage-first heap   total 189440K, used 111250K [0x0000000080000000, 0x0000000100000000)
  region size 1024K, 9 young (9216K), 3 survivors (3072K)
 Metaspace       used 86158K, capacity 88147K, committed 88704K, reserved 1126400K
  class space    used 10990K, capacity 11705K, committed 11904K, reserved 1048576K
}
Event: 26.917 GC heap after
{Heap after GC invocations=40 (full 0):
 garbage-first heap   total 189440K, used 106550K [0x0000000080000000, 0x0000000100000000)
  region size 1024K, 1 young (1024K), 1 survivors (1024K)
 Metaspace       used 86158K, capacity 88147K, committed 88704K, reserved 1126400K
  class space    used 10990K, capacity 11705K, committed 11904K, reserved 1048576K
}
Event: 27.131 GC heap before
{Heap before GC invocations=40 (full 0):
 garbage-first heap   total 189440K, used 137270K [0x0000000080000000, 0x0000000100000000)
  region size 1024K, 32 young (32768K), 1 survivors (1024K)
 Metaspace       used 87173K, capacity 89128K, committed 89472K, reserved 1126400K
  class space    used 11076K, capacity 11773K, committed 11904K, reserved 1048576K
}
Event: 27.138 GC heap after
{Heap after GC invocations=41 (full 0):
 garbage-first heap   total 189440K, used 108668K [0x0000000080000000, 0x0000000100000000)
  region size 1024K, 3 young (3072K), 3 survivors (3072K)
 Metaspace       used 87173K, capacity 89128K, committed 89472K, reserved 1126400K
  class space    used 11076K, capacity 11773K, committed 11904K, reserved 1048576K
}
Event: 27.468 GC heap before
{Heap before GC invocations=42 (full 0):
 garbage-first heap   total 189440K, used 129148K [0x0000000080000000, 0x0000000100000000)
  region size 1024K, 35 young (35840K), 3 survivors (3072K)
 Metaspace       used 87522K, capacity 89519K, committed 89856K, reserved 1126400K
  class space    used 11108K, capacity 11810K, committed 12032K, reserved 1048576K
}
Event: 27.475 GC heap after
{Heap after GC invocations=43 (full 0):
 garbage-first heap   total 189440K, used 100052K [0x0000000080000000, 0x0000000100000000)
  region size 1024K, 5 young (5120K), 5 survivors (5120K)
 Metaspace       used 87522K, capacity 89519K, committed 89856K, reserved 1126400K
  class space    used 11108K, capacity 11810K, committed 12032K, reserved 1048576K
}
Event: 27.505 GC heap before
{Heap before GC invocations=43 (full 0):
 garbage-first heap   total 189440K, used 103124K [0x0000000080000000, 0x0000000100000000)
  region size 1024K, 9 young (9216K), 5 survivors (5120K)
 Metaspace       used 87588K, capacity 89528K, committed 89856K, reserved 1126400K
  class space    used 11120K, capacity 11813K, committed 12032K, reserved 1048576K
}
Event: 27.515 GC heap after
{Heap after GC invocations=44 (full 0):
 garbage-first heap   total 227328K, used 91550K [0x0000000080000000, 0x0000000100000000)
  region size 1024K, 1 young (1024K), 1 survivors (1024K)
 Metaspace       used 87588K, capacity 89528K, committed 89856K, reserved 1126400K
  class space    used 11120K, capacity 11813K, committed 12032K, reserved 1048576K
}
Event: 27.784 GC heap before
{Heap before GC invocations=44 (full 0):
 garbage-first heap   total 227328K, used 146846K [0x0000000080000000, 0x0000000100000000)
  region size 1024K, 56 young (57344K), 1 survivors (1024K)
 Metaspace       used 87701K, capacity 89606K, committed 90112K, reserved 1128448K
  class space    used 11123K, capacity 11813K, committed 12032K, reserved 1048576K
}
Event: 27.794 GC heap after
{Heap after GC invocations=45 (full 0):
 garbage-first heap   total 227328K, used 95545K [0x0000000080000000, 0x0000000100000000)
  region size 1024K, 5 young (5120K), 5 survivors (5120K)
 Metaspace       used 87701K, capacity 89606K, committed 90112K, reserved 1128448K
  class space    used 11123K, capacity 11813K, committed 12032K, reserved 1048576K
}
Event: 28.378 GC heap before
{Heap before GC invocations=45 (full 0):
 garbage-first heap   total 227328K, used 155961K [0x0000000080000000, 0x0000000100000000)
  region size 1024K, 63 young (64512K), 5 survivors (5120K)
 Metaspace       used 89939K, capacity 91870K, committed 92288K, reserved 1130496K
  class space    used 11304K, capacity 11987K, committed 12160K, reserved 1048576K
}
Event: 28.386 GC heap after
{Heap after GC invocations=46 (full 0):
 garbage-first heap   total 227328K, used 98778K [0x0000000080000000, 0x0000000100000000)
  region size 1024K, 4 young (4096K), 4 survivors (4096K)
 Metaspace       used 89939K, capacity 91870K, committed 92288K, reserved 1130496K
  class space    used 11304K, capacity 11987K, committed 12160K, reserved 1048576K
}
Event: 28.912 GC heap before
{Heap before GC invocations=46 (full 0):
 garbage-first heap   total 227328K, used 158170K [0x0000000080000000, 0x0000000100000000)
  region size 1024K, 63 young (64512K), 4 survivors (4096K)
 Metaspace       used 90954K, capacity 92973K, committed 93184K, reserved 1130496K
  class space    used 11418K, capacity 12135K, committed 12288K, reserved 1048576K
}
Event: 28.919 GC heap after
{Heap after GC invocations=47 (full 0):
 garbage-first heap   total 227328K, used 100874K [0x0000000080000000, 0x0000000100000000)
  region size 1024K, 7 young (7168K), 7 survivors (7168K)
 Metaspace       used 90954K, capacity 92973K, committed 93184K, reserved 1130496K
  class space    used 11418K, capacity 12135K, committed 12288K, reserved 1048576K
}
Event: 29.162 GC heap before
{Heap before GC invocations=47 (full 0):
 garbage-first heap   total 227328K, used 163338K [0x0000000080000000, 0x0000000100000000)
  region size 1024K, 69 young (70656K), 7 survivors (7168K)
 Metaspace       used 91776K, capacity 93719K, committed 93952K, reserved 1130496K
  class space    used 11523K, capacity 12207K, committed 12288K, reserved 1048576K
}

