# JRE version: OpenJDK Runtime Environment (11.0.8+10) (build 11.0.8+10-b944.6842174)
# Java VM: OpenJDK 64-Bit Server VM (11.0.8+10-b944.6842174, mixed mode, tiered, compressed oops, g1 gc, windows-amd64)
Heap:
 garbage-first heap   total 157696K, used 92618K [0x0000000080000000, 0x0000000100000000)
  region size 1024K, 65 young (66560K), 9 survivors (9216K)
 Metaspace       used 48537K, capacity 49681K, committed 49920K, reserved 1095680K
  class space    used 6174K, capacity 6594K, committed 6656K, reserved 1048576K
GC Heap History (16 events):
Event: 0.635 GC heap before
{Heap before GC invocations=0 (full 0):
 garbage-first heap   total 131072K, used 29696K [0x0000000080000000, 0x0000000100000000)
  region size 1024K, 24 young (24576K), 0 survivors (0K)
 Metaspace       used 10454K, capacity 10645K, committed 11008K, reserved 1058816K
  class space    used 1094K, capacity 1163K, committed 1280K, reserved 1048576K
}
Event: 0.639 GC heap after
{Heap after GC invocations=1 (full 0):
 garbage-first heap   total 131072K, used 8544K [0x0000000080000000, 0x0000000100000000)
  region size 1024K, 3 young (3072K), 3 survivors (3072K)
 Metaspace       used 10454K, capacity 10645K, committed 11008K, reserved 1058816K
  class space    used 1094K, capacity 1163K, committed 1280K, reserved 1048576K
}
Event: 0.903 GC heap before
{Heap before GC invocations=1 (full 0):
 garbage-first heap   total 131072K, used 42336K [0x0000000080000000, 0x0000000100000000)
  region size 1024K, 37 young (37888K), 3 survivors (3072K)
 Metaspace       used 11111K, capacity 11386K, committed 11520K, reserved 1058816K
  class space    used 1157K, capacity 1239K, committed 1280K, reserved 1048576K
}
Event: 0.906 GC heap after
{Heap after GC invocations=2 (full 0):
 garbage-first heap   total 131072K, used 13172K [0x0000000080000000, 0x0000000100000000)
  region size 1024K, 5 young (5120K), 5 survivors (5120K)
 Metaspace       used 11111K, capacity 11386K, committed 11520K, reserved 1058816K
  class space    used 1157K, capacity 1239K, committed 1280K, reserved 1048576K
}
Event: 2.032 GC heap before
{Heap before GC invocations=2 (full 0):
 garbage-first heap   total 131072K, used 62324K [0x0000000080000000, 0x0000000100000000)
  region size 1024K, 53 young (54272K), 5 survivors (5120K)
 Metaspace       used 20011K, capacity 20397K, committed 20608K, reserved 1067008K
  class space    used 2445K, capacity 2596K, committed 2688K, reserved 1048576K
}
Event: 2.038 GC heap after
{Heap after GC invocations=3 (full 0):
 garbage-first heap   total 131072K, used 16549K [0x0000000080000000, 0x0000000100000000)
  region size 1024K, 4 young (4096K), 4 survivors (4096K)
 Metaspace       used 20011K, capacity 20397K, committed 20608K, reserved 1067008K
  class space    used 2445K, capacity 2596K, committed 2688K, reserved 1048576K
}
Event: 2.083 GC heap before
{Heap before GC invocations=3 (full 0):
 garbage-first heap   total 131072K, used 20645K [0x0000000080000000, 0x0000000100000000)
  region size 1024K, 9 young (9216K), 4 survivors (4096K)
 Metaspace       used 20674K, capacity 21115K, committed 21248K, reserved 1067008K
  class space    used 2540K, capacity 2712K, committed 2816K, reserved 1048576K
}
Event: 2.087 GC heap after
{Heap after GC invocations=4 (full 0):
 garbage-first heap   total 131072K, used 16698K [0x0000000080000000, 0x0000000100000000)
  region size 1024K, 4 young (4096K), 4 survivors (4096K)
 Metaspace       used 20674K, capacity 21115K, committed 21248K, reserved 1067008K
  class space    used 2540K, capacity 2712K, committed 2816K, reserved 1048576K
}
Event: 2.715 GC heap before
{Heap before GC invocations=5 (full 0):
 garbage-first heap   total 131072K, used 88378K [0x0000000080000000, 0x0000000100000000)
  region size 1024K, 74 young (75776K), 4 survivors (4096K)
 Metaspace       used 28447K, capacity 29104K, committed 29440K, reserved 1075200K
  class space    used 3784K, capacity 3995K, committed 4096K, reserved 1048576K
}
Event: 2.719 GC heap after
{Heap after GC invocations=6 (full 0):
 garbage-first heap   total 131072K, used 19206K [0x0000000080000000, 0x0000000100000000)
  region size 1024K, 6 young (6144K), 6 survivors (6144K)
 Metaspace       used 28447K, capacity 29104K, committed 29440K, reserved 1075200K
  class space    used 3784K, capacity 3995K, committed 4096K, reserved 1048576K
}
Event: 3.033 GC heap before
{Heap before GC invocations=6 (full 0):
 garbage-first heap   total 131072K, used 44806K [0x0000000080000000, 0x0000000100000000)
  region size 1024K, 33 young (33792K), 6 survivors (6144K)
 Metaspace       used 35069K, capacity 35769K, committed 35840K, reserved 1081344K
  class space    used 4563K, capacity 4856K, committed 4864K, reserved 1048576K
}
Event: 3.042 GC heap after
{Heap after GC invocations=7 (full 0):
 garbage-first heap   total 131072K, used 21907K [0x0000000080000000, 0x0000000100000000)
  region size 1024K, 6 young (6144K), 6 survivors (6144K)
 Metaspace       used 35069K, capacity 35769K, committed 35840K, reserved 1081344K
  class space    used 4563K, capacity 4856K, committed 4864K, reserved 1048576K
}
Event: 3.581 GC heap before
{Heap before GC invocations=8 (full 0):
 garbage-first heap   total 131072K, used 91539K [0x0000000080000000, 0x0000000100000000)
  region size 1024K, 71 young (72704K), 6 survivors (6144K)
 Metaspace       used 41101K, capacity 41926K, committed 42240K, reserved 1085440K
  class space    used 5251K, capacity 5536K, committed 5632K, reserved 1048576K
}
Event: 3.586 GC heap after
{Heap after GC invocations=9 (full 0):
 garbage-first heap   total 131072K, used 25916K [0x0000000080000000, 0x0000000100000000)
  region size 1024K, 7 young (7168K), 7 survivors (7168K)
 Metaspace       used 41101K, capacity 41926K, committed 42240K, reserved 1085440K
  class space    used 5251K, capacity 5536K, committed 5632K, reserved 1048576K
}
Event: 4.046 GC heap before
{Heap before GC invocations=9 (full 0):
 garbage-first heap   total 131072K, used 91452K [0x0000000080000000, 0x0000000100000000)
  region size 1024K, 72 young (73728K), 7 survivors (7168K)
 Metaspace       used 44463K, capacity 45514K, committed 45824K, reserved 1089536K
  class space    used 5699K, capacity 6075K, committed 6144K, reserved 1048576K
}
Event: 4.055 GC heap after
{Heap after GC invocations=10 (full 0):
 garbage-first heap   total 157696K, used 30154K [0x0000000080000000, 0x0000000100000000)
  region size 1024K, 9 young (9216K), 9 survivors (9216K)
 Metaspace       used 44463K, capacity 45514K, committed 45824K, reserved 1089536K
  class space    used 5699K, capacity 6075K, committed 6144K, reserved 1048576K
}

